[21:33:41] [MainThread] [INFO] Memory is running. Ready to process packets...
[21:33:44] [Device1Processor] [PROCESS] Device 1: Processed packets: [4210, 8905, 3892, 9209, 1211, 8542, 5913, 2165, 5286, 5523].
[21:33:44] [Device2Processor] [WARNING] Device 2: Received backpressure signal. Slowing down transmission to Device 1 to 5.
[21:33:44] [Device2Processor] [WARNING] Device 2: Received backpressure signal. Slowing down transmission to Device 1 to 2.
[21:33:44] [Device2Processor] [WARNING] Device 2: Received backpressure signal. Slowing down transmission to Device 1 to 1.
[21:33:44] [Device2Processor] [WARNING] Device 2: Received backpressure signal. Slowing down transmission to Device 1 to 0.
[21:33:44] [Device2Processor] [PROCESS] Device 2: Processed packets: [9237, 4821, 4332, 3089, 7001].
[21:33:44] [Device3Processor] [WARNING] Device 3: Received backpressure signal. Slowing down transmission to Device 1 to 5.
[21:33:44] [Device4Processor] [WARNING] Device 4: Received backpressure signal. Slowing down transmission to Device 1 to 5.
[21:33:44] [Device3Processor] [WARNING] Device 3: Received backpressure signal. Slowing down transmission to Device 1 to 2.
[21:33:44] [Device4Processor] [WARNING] Device 4: Received backpressure signal. Slowing down transmission to Device 1 to 2.
[21:33:44] [Device3Processor] [WARNING] Device 3: Received backpressure signal. Slowing down transmission to Device 1 to 1.
[21:33:44] [Device4Processor] [WARNING] Device 4: Received backpressure signal. Slowing down transmission to Device 1 to 1.
[21:33:44] [Device3Processor] [WARNING] Device 3: Received backpressure signal. Slowing down transmission to Device 1 to 0.
[21:33:44] [Device4Processor] [WARNING] Device 4: Received backpressure signal. Slowing down transmission to Device 1 to 0.
[21:33:44] [Device3Processor] [WARNING] Device 3: Received backpressure signal. Slowing down transmission to Device 2 to 10.
[21:33:44] [Device4Processor] [WARNING] Device 4: Received backpressure signal. Slowing down transmission to Device 2 to 10.
[21:33:44] [Device3Processor] [WARNING] Device 3: Received backpressure signal. Slowing down transmission to Device 2 to 5.
[21:33:44] [Device4Processor] [WARNING] Device 4: Received backpressure signal. Slowing down transmission to Device 2 to 5.
[21:33:44] [Device3Processor] [PROCESS] Device 3: Processed packets: [7273, 2939].
[21:33:44] [Device4Processor] [WARNING] Device 4: Received backpressure signal. Slowing down transmission to Device 2 to 2.
[21:33:44] [Device4Processor] [WARNING] Device 4: Received backpressure signal. Slowing down transmission to Device 2 to 1.
[21:33:45] [Device1Processor] [WARNING] Device 1: Received backpressure signal. Slowing down transmission to Device 2 to 5.
[21:33:45] [Device1Processor] [WARNING] Device 1: Received backpressure signal. Slowing down transmission to Device 2 to 2.
[21:33:45] [Device1Processor] [WARNING] Device 1: Received backpressure signal. Slowing down transmission to Device 2 to 1.
[21:33:45] [Device1Processor] [WARNING] Device 1: Received backpressure signal. Slowing down transmission to Device 2 to 0.
[21:33:45] [Device1Processor] [PROCESS] Device 1: Processed packets: [7784, 7984, 6209, 8192, 1602, 9636].
[21:33:45] [Device2Processor] [PROCESS] Device 2: Processed packets: [5948, 4803, 5707, 5758, 6841, 9249, 6270, 4263, 6116].
[21:33:45] [Device4Processor] [WARNING] Device 4: Received backpressure signal. Slowing down transmission to Device 2 to 0.
[21:33:45] [Device4Processor] [INFO] Device 4: Received restore signal. Speeding up transmission to Device 1 to 1.
[21:33:45] [Device4Processor] [INFO] Device 4: Received restore signal. Speeding up transmission to Device 2 to 1.
[21:33:45] [Device4Processor] [WARNING] Device 4: Received backpressure signal. Slowing down transmission to Device 2 to 0.
[21:33:45] [Device3Processor] [WARNING] Device 3: Received backpressure signal. Slowing down transmission to Device 2 to 2.
[21:33:45] [Device3Processor] [WARNING] Device 3: Received backpressure signal. Slowing down transmission to Device 2 to 1.
[21:33:45] [Device3Processor] [WARNING] Device 3: Received backpressure signal. Slowing down transmission to Device 2 to 0.
[21:33:45] [Device3Processor] [PROCESS] Device 3: Processed packets: [3315, 8401, 1061, 2909, 9646, 9151].
[21:33:46] [Device1Processor] [INFO] Device 1: Received restore signal. Speeding up transmission to Device 2 to 1.
[21:33:46] [Device1Processor] [WARNING] Device 1: Received backpressure signal. Slowing down transmission to Device 2 to 0.
[21:33:46] [Device2Processor] [INFO] Device 2: Received restore signal. Speeding up transmission to Device 1 to 1.
[21:33:46] [Device2Processor] [PROCESS] Device 2: Processed packets: [1871, 4013, 2410, 7931, 1889, 5022, 5465].
[21:33:46] [Device4Processor] [WARNING] Device 4: Received backpressure signal. Slowing down transmission to Device 3 to 15.
[21:33:46] [Device4Processor] [WARNING] Device 4: Received backpressure signal. Slowing down transmission to Device 3 to 7.
[21:33:46] [Device4Processor] [WARNING] Device 4: Received backpressure signal. Slowing down transmission to Device 3 to 3.
[21:33:46] [Device4Processor] [WARNING] Device 4: Received backpressure signal. Slowing down transmission to Device 3 to 1.
[21:33:46] [Device4Processor] [WARNING] Device 4: Received backpressure signal. Slowing down transmission to Device 3 to 0.
[21:33:46] [Device3Processor] [PROCESS] Device 3: Processed packets: [4169, 8701, 6131, 9437, 1954, 6804, 6405, 1523, 7952, 3423].
[21:33:47] [Device1Processor] [WARNING] Device 1: Received backpressure signal. Slowing down transmission to Device 3 to 10.
[21:33:47] [Device1Processor] [WARNING] Device 1: Received backpressure signal. Slowing down transmission to Device 3 to 5.
[21:33:47] [Device1Processor] [WARNING] Device 1: Received backpressure signal. Slowing down transmission to Device 3 to 2.
[21:33:47] [Device1Processor] [WARNING] Device 1: Received backpressure signal. Slowing down transmission to Device 3 to 1.
[21:33:47] [Device1Processor] [WARNING] Device 1: Received backpressure signal. Slowing down transmission to Device 3 to 0.
[21:33:47] [Device2Processor] [WARNING] Device 2: Received backpressure signal. Slowing down transmission to Device 3 to 10.
[21:33:47] [Device2Processor] [WARNING] Device 2: Received backpressure signal. Slowing down transmission to Device 3 to 5.
[21:33:47] [Device2Processor] [WARNING] Device 2: Received backpressure signal. Slowing down transmission to Device 3 to 2.
[21:33:47] [Device2Processor] [WARNING] Device 2: Received backpressure signal. Slowing down transmission to Device 3 to 1.
[21:33:47] [Device2Processor] [WARNING] Device 2: Received backpressure signal. Slowing down transmission to Device 3 to 0.
[21:33:47] [Device2Processor] [PROCESS] Device 2: Processed packets: [1637, 6129, 5357, 8781, 7253].
[21:33:47] [Device4Processor] [PROCESS] Device 4: Processed packets: [7280, 1747, 1229, 4471, 5904, 6362, 1515].
[21:33:47] [Device3Processor] [INFO] Device 3: Received restore signal. Speeding up transmission to Device 1 to 1.
[21:33:47] [Device3Processor] [INFO] Device 3: Received restore signal. Speeding up transmission to Device 2 to 1.
[21:33:47] [Device3Processor] [WARNING] Device 3: Received backpressure signal. Slowing down transmission to Device 2 to 0.
[21:33:47] [Device3Processor] [PROCESS] Device 3: Processed packets: [3030, 2816, 5122, 1883, 9425, 4281].
[21:33:48] [Device1Processor] [INFO] Device 1: Received restore signal. Speeding up transmission to Device 2 to 1.
[21:33:48] [Device1Processor] [INFO] Device 1: Received restore signal. Speeding up transmission to Device 3 to 1.
[21:33:48] [Device1Processor] [WARNING] Device 1: Received backpressure signal. Slowing down transmission to Device 3 to 0.
[21:33:48] [Device2Processor] [INFO] Device 2: Received restore signal. Speeding up transmission to Device 1 to 2.
[21:33:48] [Device2Processor] [INFO] Device 2: Received restore signal. Speeding up transmission to Device 3 to 1.
[21:33:48] [Device4Processor] [PROCESS] Device 4: Processed packets: [7757, 7766, 3123, 6996, 7734, 8205, 6390, 7350, 7255, 6094].
[21:33:48] [Device3Processor] [PROCESS] Device 3: Processed packets: [5194, 4975, 4806, 5988, 9338].
