[23:18:03] [MainThread] [INFO] Starting simulation...
[23:18:03] [SwitchListener] [INFO] Switch: Listening for incoming packets...
[23:18:03] [BufferRestorer] [INFO] Switch: Buffer restoration thread started.
[23:18:03] [SwitchListener] [INFO] Switch: Packet from Device 1 to Device 2 sent. Remaining buffer for Device 2: 7680 bytes.
[23:18:03] [SwitchListener] [INFO] Switch: Packet from Device 2 to Device 1 sent. Remaining buffer for Device 1: 7680 bytes.
[23:18:03] [SwitchListener] [INFO] Switch: Packet from Device 3 to Device 1 sent. Remaining buffer for Device 1: 7168 bytes.
[23:18:03] [SwitchListener] [INFO] Switch: Packet from Device 4 to Device 1 sent. Remaining buffer for Device 1: 6656 bytes.
[23:18:03] [SwitchListener] [INFO] Switch: Packet from Device 1 to Device 2 sent. Remaining buffer for Device 2: 7168 bytes.
[23:18:03] [SwitchListener] [INFO] Switch: Packet from Device 2 to Device 1 sent. Remaining buffer for Device 1: 6144 bytes.
[23:18:03] [SwitchListener] [INFO] Switch: Packet from Device 3 to Device 1 sent. Remaining buffer for Device 1: 5632 bytes.
[23:18:03] [SwitchListener] [INFO] Switch: Packet from Device 4 to Device 1 sent. Remaining buffer for Device 1: 5120 bytes.
[23:18:03] [SwitchListener] [INFO] Switch: Packet from Device 1 to Device 2 sent. Remaining buffer for Device 2: 6656 bytes.
[23:18:03] [SwitchListener] [INFO] Switch: Packet from Device 2 to Device 1 sent. Remaining buffer for Device 1: 4608 bytes.
[23:18:03] [SwitchListener] [INFO] Switch: Packet from Device 3 to Device 1 sent. Remaining buffer for Device 1: 4096 bytes.
[23:18:03] [SwitchListener] [INFO] Switch: Packet from Device 4 to Device 1 sent. Remaining buffer for Device 1: 3584 bytes.
[23:18:03] [SwitchListener] [INFO] Switch: Packet from Device 1 to Device 2 sent. Remaining buffer for Device 2: 6144 bytes.
[23:18:03] [SwitchListener] [INFO] Switch: Packet from Device 2 to Device 1 sent. Remaining buffer for Device 1: 3072 bytes.
[23:18:03] [SwitchListener] [INFO] Switch: Packet from Device 3 to Device 1 sent. Remaining buffer for Device 1: 2560 bytes.
[23:18:03] [SwitchListener] [INFO] Switch: Packet from Device 4 to Device 1 sent. Remaining buffer for Device 1: 2048 bytes.
[23:18:03] [SwitchListener] [INFO] Switch: Packet from Device 1 to Device 2 sent. Remaining buffer for Device 2: 5632 bytes.
[23:18:03] [SwitchListener] [INFO] Switch: Packet from Device 2 to Device 1 sent. Remaining buffer for Device 1: 1536 bytes.
[23:18:03] [SwitchListener] [WARNING] Switch: Backpressure signal sent to devices for Device 1 due to high buffer utilization.
[23:18:03] [SwitchListener] [INFO] Switch: Packet from Device 3 to Device 1 sent. Remaining buffer for Device 1: 1024 bytes.
[23:18:03] [SwitchListener] [WARNING] Switch: Backpressure signal sent to devices for Device 1 due to high buffer utilization.
[23:18:03] [SwitchListener] [INFO] Switch: Packet from Device 4 to Device 1 sent. Remaining buffer for Device 1: 512 bytes.
[23:18:03] [SwitchListener] [WARNING] Switch: Backpressure signal sent to devices for Device 1 due to high buffer utilization.
[23:18:03] [SwitchListener] [INFO] Switch: Packet from Device 1 to Device 2 sent. Remaining buffer for Device 2: 5120 bytes.
[23:18:03] [SwitchListener] [INFO] Switch: Packet from Device 2 to Device 1 sent. Remaining buffer for Device 1: 0 bytes.
[23:18:03] [SwitchListener] [WARNING] Switch: Backpressure signal sent to devices for Device 1 due to high buffer utilization.
[23:18:03] [SwitchListener] [ERROR] Switch: Packet from Device 3 to Device 1 dropped due to buffer overflow.
[23:18:03] [SwitchListener] [ERROR] Switch: Packet from Device 4 to Device 1 dropped due to buffer overflow.
[23:18:03] [SwitchListener] [INFO] Switch: Packet from Device 1 to Device 2 sent. Remaining buffer for Device 2: 4608 bytes.
[23:18:03] [SwitchListener] [ERROR] Switch: Packet from Device 2 to Device 1 dropped due to buffer overflow.
[23:18:03] [SwitchListener] [ERROR] Switch: Packet from Device 3 to Device 1 dropped due to buffer overflow.
[23:18:03] [SwitchListener] [ERROR] Switch: Packet from Device 4 to Device 1 dropped due to buffer overflow.
[23:18:03] [SwitchListener] [INFO] Switch: Packet from Device 1 to Device 2 sent. Remaining buffer for Device 2: 4096 bytes.
[23:18:03] [SwitchListener] [ERROR] Switch: Packet from Device 2 to Device 1 dropped due to buffer overflow.
[23:18:03] [SwitchListener] [ERROR] Switch: Packet from Device 3 to Device 1 dropped due to buffer overflow.
[23:18:03] [SwitchListener] [ERROR] Switch: Packet from Device 4 to Device 1 dropped due to buffer overflow.
[23:18:03] [SwitchListener] [INFO] Switch: Packet from Device 1 to Device 2 sent. Remaining buffer for Device 2: 3584 bytes.
[23:18:03] [SwitchListener] [ERROR] Switch: Packet from Device 2 to Device 1 dropped due to buffer overflow.
[23:18:03] [SwitchListener] [ERROR] Switch: Packet from Device 3 to Device 1 dropped due to buffer overflow.
[23:18:03] [SwitchListener] [ERROR] Switch: Packet from Device 4 to Device 1 dropped due to buffer overflow.
[23:18:04] [SwitchListener] [INFO] Switch: Packet from Device 1 to Device 2 sent. Remaining buffer for Device 2: 3072 bytes.
[23:18:04] [SwitchListener] [ERROR] Switch: Packet from Device 2 to Device 1 dropped due to buffer overflow.
[23:18:04] [SwitchListener] [ERROR] Switch: Packet from Device 3 to Device 1 dropped due to buffer overflow.
[23:18:04] [SwitchListener] [ERROR] Switch: Packet from Device 4 to Device 1 dropped due to buffer overflow.
[23:18:04] [SwitchListener] [INFO] Switch: Packet from Device 1 to Device 3 sent. Remaining buffer for Device 3: 15872 bytes.
[23:18:04] [SwitchListener] [INFO] Switch: Packet from Device 2 to Device 3 sent. Remaining buffer for Device 3: 15360 bytes.
[23:18:04] [SwitchListener] [INFO] Switch: Packet from Device 3 to Device 2 sent. Remaining buffer for Device 2: 2560 bytes.
[23:18:04] [SwitchListener] [INFO] Switch: Packet from Device 4 to Device 2 sent. Remaining buffer for Device 2: 2048 bytes.
[23:18:04] [SwitchListener] [INFO] Switch: Packet from Device 1 to Device 3 sent. Remaining buffer for Device 3: 14848 bytes.
[23:18:04] [SwitchListener] [INFO] Switch: Packet from Device 2 to Device 3 sent. Remaining buffer for Device 3: 14336 bytes.
[23:18:04] [SwitchListener] [INFO] Switch: Packet from Device 3 to Device 2 sent. Remaining buffer for Device 2: 1536 bytes.
[23:18:04] [SwitchListener] [WARNING] Switch: Backpressure signal sent to devices for Device 2 due to high buffer utilization.
[23:18:04] [SwitchListener] [INFO] Switch: Packet from Device 4 to Device 2 sent. Remaining buffer for Device 2: 1024 bytes.
[23:18:04] [SwitchListener] [WARNING] Switch: Backpressure signal sent to devices for Device 2 due to high buffer utilization.
[23:18:04] [SwitchListener] [INFO] Switch: Packet from Device 1 to Device 3 sent. Remaining buffer for Device 3: 13824 bytes.
[23:18:04] [SwitchListener] [INFO] Switch: Packet from Device 2 to Device 3 sent. Remaining buffer for Device 3: 13312 bytes.
[23:18:04] [SwitchListener] [INFO] Switch: Packet from Device 3 to Device 2 sent. Remaining buffer for Device 2: 512 bytes.
[23:18:04] [SwitchListener] [WARNING] Switch: Backpressure signal sent to devices for Device 2 due to high buffer utilization.
[23:18:04] [SwitchListener] [INFO] Switch: Packet from Device 4 to Device 2 sent. Remaining buffer for Device 2: 0 bytes.
[23:18:04] [SwitchListener] [WARNING] Switch: Backpressure signal sent to devices for Device 2 due to high buffer utilization.
[23:18:04] [SwitchListener] [INFO] Switch: Packet from Device 1 to Device 3 sent. Remaining buffer for Device 3: 12800 bytes.
[23:18:04] [SwitchListener] [INFO] Switch: Packet from Device 2 to Device 3 sent. Remaining buffer for Device 3: 12288 bytes.
[23:18:04] [SwitchListener] [ERROR] Switch: Packet from Device 3 to Device 2 dropped due to buffer overflow.
[23:18:04] [SwitchListener] [ERROR] Switch: Packet from Device 4 to Device 2 dropped due to buffer overflow.
[23:18:04] [SwitchListener] [INFO] Switch: Packet from Device 1 to Device 3 sent. Remaining buffer for Device 3: 11776 bytes.
[23:18:04] [SwitchListener] [INFO] Switch: Packet from Device 2 to Device 3 sent. Remaining buffer for Device 3: 11264 bytes.
[23:18:04] [SwitchListener] [ERROR] Switch: Packet from Device 3 to Device 2 dropped due to buffer overflow.
[23:18:04] [SwitchListener] [ERROR] Switch: Packet from Device 4 to Device 2 dropped due to buffer overflow.
[23:18:04] [SwitchListener] [INFO] Switch: Packet from Device 1 to Device 3 sent. Remaining buffer for Device 3: 10752 bytes.
[23:18:04] [SwitchListener] [INFO] Switch: Packet from Device 2 to Device 3 sent. Remaining buffer for Device 3: 10240 bytes.
[23:18:04] [SwitchListener] [ERROR] Switch: Packet from Device 3 to Device 2 dropped due to buffer overflow.
[23:18:04] [SwitchListener] [ERROR] Switch: Packet from Device 4 to Device 2 dropped due to buffer overflow.
[23:18:04] [SwitchListener] [INFO] Switch: Packet from Device 1 to Device 3 sent. Remaining buffer for Device 3: 9728 bytes.
[23:18:04] [SwitchListener] [INFO] Switch: Packet from Device 2 to Device 3 sent. Remaining buffer for Device 3: 9216 bytes.
[23:18:04] [SwitchListener] [ERROR] Switch: Packet from Device 3 to Device 2 dropped due to buffer overflow.
[23:18:04] [SwitchListener] [ERROR] Switch: Packet from Device 4 to Device 2 dropped due to buffer overflow.
[23:18:04] [SwitchListener] [INFO] Switch: Packet from Device 1 to Device 3 sent. Remaining buffer for Device 3: 8704 bytes.
[23:18:04] [SwitchListener] [INFO] Switch: Packet from Device 2 to Device 3 sent. Remaining buffer for Device 3: 8192 bytes.
[23:18:04] [SwitchListener] [ERROR] Switch: Packet from Device 3 to Device 2 dropped due to buffer overflow.
[23:18:04] [SwitchListener] [ERROR] Switch: Packet from Device 4 to Device 2 dropped due to buffer overflow.
[23:18:04] [SwitchListener] [INFO] Switch: Packet from Device 1 to Device 3 sent. Remaining buffer for Device 3: 7680 bytes.
[23:18:04] [SwitchListener] [INFO] Switch: Packet from Device 2 to Device 3 sent. Remaining buffer for Device 3: 7168 bytes.
[23:18:04] [SwitchListener] [ERROR] Switch: Packet from Device 3 to Device 2 dropped due to buffer overflow.
[23:18:04] [SwitchListener] [ERROR] Switch: Packet from Device 4 to Device 2 dropped due to buffer overflow.
[23:18:04] [BufferRestorer] [PROCESS] Switch: Restored credit for Device 1 by 640.0 bytes. Current credit size: 640.0 bytes.
[23:18:04] [BufferRestorer] [PROCESS] Switch: Restored credit for Device 2 by 640.0 bytes. Current credit size: 640.0 bytes.
[23:18:04] [BufferRestorer] [PROCESS] Switch: Restored credit for Device 3 by 640.0 bytes. Current credit size: 1536.0 bytes.
[23:18:04] [BufferRestorer] [PROCESS] Switch: Restored credit for Device 4 by 0.0 bytes. Current credit size: 4096.0 bytes.
[23:18:04] [SwitchListener] [INFO] Switch: Packet from Device 1 to Device 3 sent. Remaining buffer for Device 3: 11776 bytes.
[23:18:04] [SwitchListener] [INFO] Switch: Packet from Device 2 to Device 3 sent. Remaining buffer for Device 3: 11264 bytes.
[23:18:04] [SwitchListener] [INFO] Switch: Packet from Device 3 to Device 2 sent. Remaining buffer for Device 2: 4608 bytes.
[23:18:04] [SwitchListener] [INFO] Switch: Packet from Device 4 to Device 2 sent. Remaining buffer for Device 2: 4096 bytes.
[23:18:04] [SwitchListener] [INFO] Switch: Packet from Device 1 to Device 3 sent. Remaining buffer for Device 3: 10752 bytes.
[23:18:04] [SwitchListener] [INFO] Switch: Packet from Device 2 to Device 3 sent. Remaining buffer for Device 3: 10240 bytes.
[23:18:04] [SwitchListener] [INFO] Switch: Packet from Device 3 to Device 2 sent. Remaining buffer for Device 2: 3584 bytes.
[23:18:04] [SwitchListener] [INFO] Switch: Packet from Device 4 to Device 2 sent. Remaining buffer for Device 2: 3072 bytes.
[23:18:04] [SwitchListener] [INFO] Switch: Packet from Device 1 to Device 3 sent. Remaining buffer for Device 3: 9728 bytes.
[23:18:04] [SwitchListener] [INFO] Switch: Packet from Device 2 to Device 3 sent. Remaining buffer for Device 3: 9216 bytes.
[23:18:04] [SwitchListener] [INFO] Switch: Packet from Device 3 to Device 2 sent. Remaining buffer for Device 2: 2560 bytes.
[23:18:04] [SwitchListener] [INFO] Switch: Packet from Device 4 to Device 2 sent. Remaining buffer for Device 2: 2048 bytes.
[23:18:04] [SwitchListener] [INFO] Switch: Packet from Device 1 to Device 3 sent. Remaining buffer for Device 3: 8704 bytes.
[23:18:04] [SwitchListener] [INFO] Switch: Packet from Device 2 to Device 3 sent. Remaining buffer for Device 3: 8192 bytes.
[23:18:04] [SwitchListener] [INFO] Switch: Packet from Device 3 to Device 2 sent. Remaining buffer for Device 2: 1536 bytes.
[23:18:04] [SwitchListener] [WARNING] Switch: Backpressure signal sent to devices for Device 2 due to high buffer utilization.
[23:18:04] [SwitchListener] [INFO] Switch: Packet from Device 4 to Device 2 sent. Remaining buffer for Device 2: 1024 bytes.
[23:18:04] [SwitchListener] [WARNING] Switch: Backpressure signal sent to devices for Device 2 due to high buffer utilization.
[23:18:04] [SwitchListener] [INFO] Switch: Packet from Device 1 to Device 3 sent. Remaining buffer for Device 3: 7680 bytes.
[23:18:04] [SwitchListener] [INFO] Switch: Packet from Device 2 to Device 3 sent. Remaining buffer for Device 3: 7168 bytes.
[23:18:04] [SwitchListener] [INFO] Switch: Packet from Device 3 to Device 2 sent. Remaining buffer for Device 2: 512 bytes.
[23:18:04] [SwitchListener] [WARNING] Switch: Backpressure signal sent to devices for Device 2 due to high buffer utilization.
[23:18:04] [SwitchListener] [INFO] Switch: Packet from Device 4 to Device 2 sent. Remaining buffer for Device 2: 0 bytes.
[23:18:04] [SwitchListener] [WARNING] Switch: Backpressure signal sent to devices for Device 2 due to high buffer utilization.
[23:18:04] [SwitchListener] [INFO] Switch: Packet from Device 1 to Device 3 sent. Remaining buffer for Device 3: 6656 bytes.
[23:18:04] [SwitchListener] [INFO] Switch: Packet from Device 2 to Device 3 sent. Remaining buffer for Device 3: 6144 bytes.
[23:18:04] [SwitchListener] [ERROR] Switch: Packet from Device 3 to Device 2 dropped due to buffer overflow.
[23:18:04] [SwitchListener] [ERROR] Switch: Packet from Device 4 to Device 2 dropped due to buffer overflow.
[23:18:04] [SwitchListener] [INFO] Switch: Packet from Device 1 to Device 3 sent. Remaining buffer for Device 3: 5632 bytes.
[23:18:04] [SwitchListener] [INFO] Switch: Packet from Device 2 to Device 3 sent. Remaining buffer for Device 3: 5120 bytes.
[23:18:04] [SwitchListener] [ERROR] Switch: Packet from Device 3 to Device 2 dropped due to buffer overflow.
[23:18:04] [SwitchListener] [ERROR] Switch: Packet from Device 4 to Device 2 dropped due to buffer overflow.
[23:18:04] [SwitchListener] [INFO] Switch: Packet from Device 1 to Device 3 sent. Remaining buffer for Device 3: 4608 bytes.
[23:18:04] [SwitchListener] [INFO] Switch: Packet from Device 2 to Device 3 sent. Remaining buffer for Device 3: 4096 bytes.
[23:18:04] [SwitchListener] [ERROR] Switch: Packet from Device 3 to Device 2 dropped due to buffer overflow.
[23:18:04] [SwitchListener] [ERROR] Switch: Packet from Device 4 to Device 2 dropped due to buffer overflow.
[23:18:04] [SwitchListener] [INFO] Switch: Packet from Device 1 to Device 3 sent. Remaining buffer for Device 3: 3584 bytes.
[23:18:04] [SwitchListener] [WARNING] Switch: Backpressure signal sent to devices for Device 3 due to high buffer utilization.
[23:18:04] [SwitchListener] [INFO] Switch: Packet from Device 2 to Device 3 sent. Remaining buffer for Device 3: 3072 bytes.
[23:18:04] [SwitchListener] [WARNING] Switch: Backpressure signal sent to devices for Device 3 due to high buffer utilization.
[23:18:04] [SwitchListener] [ERROR] Switch: Packet from Device 3 to Device 2 dropped due to buffer overflow.
[23:18:04] [SwitchListener] [ERROR] Switch: Packet from Device 4 to Device 2 dropped due to buffer overflow.
[23:18:05] [SwitchListener] [INFO] Switch: Packet from Device 1 to Device 3 sent. Remaining buffer for Device 3: 2560 bytes.
[23:18:05] [SwitchListener] [WARNING] Switch: Backpressure signal sent to devices for Device 3 due to high buffer utilization.
[23:18:05] [SwitchListener] [INFO] Switch: Packet from Device 2 to Device 3 sent. Remaining buffer for Device 3: 2048 bytes.
[23:18:05] [SwitchListener] [WARNING] Switch: Backpressure signal sent to devices for Device 3 due to high buffer utilization.
[23:18:05] [SwitchListener] [ERROR] Switch: Packet from Device 3 to Device 2 dropped due to buffer overflow.
[23:18:05] [SwitchListener] [ERROR] Switch: Packet from Device 4 to Device 2 dropped due to buffer overflow.
[23:18:05] [SwitchListener] [INFO] Switch: Packet from Device 1 to Device 3 sent. Remaining buffer for Device 3: 1536 bytes.
[23:18:05] [SwitchListener] [WARNING] Switch: Backpressure signal sent to devices for Device 3 due to high buffer utilization.
[23:18:05] [SwitchListener] [INFO] Switch: Packet from Device 2 to Device 3 sent. Remaining buffer for Device 3: 1024 bytes.
[23:18:05] [SwitchListener] [WARNING] Switch: Backpressure signal sent to devices for Device 3 due to high buffer utilization.
[23:18:05] [SwitchListener] [ERROR] Switch: Packet from Device 3 to Device 2 dropped due to buffer overflow.
[23:18:05] [SwitchListener] [ERROR] Switch: Packet from Device 4 to Device 2 dropped due to buffer overflow.
[23:18:05] [SwitchListener] [INFO] Switch: Packet from Device 1 to Device 4 sent. Remaining buffer for Device 4: 32256 bytes.
[23:18:05] [SwitchListener] [INFO] Switch: Packet from Device 2 to Device 4 sent. Remaining buffer for Device 4: 31744 bytes.
[23:18:05] [SwitchListener] [INFO] Switch: Packet from Device 3 to Device 4 sent. Remaining buffer for Device 4: 31232 bytes.
[23:18:05] [SwitchListener] [INFO] Switch: Packet from Device 4 to Device 3 sent. Remaining buffer for Device 3: 512 bytes.
[23:18:05] [SwitchListener] [WARNING] Switch: Backpressure signal sent to devices for Device 3 due to high buffer utilization.
[23:18:05] [SwitchListener] [INFO] Switch: Packet from Device 1 to Device 4 sent. Remaining buffer for Device 4: 30720 bytes.
[23:18:05] [SwitchListener] [INFO] Switch: Packet from Device 2 to Device 4 sent. Remaining buffer for Device 4: 30208 bytes.
[23:18:05] [SwitchListener] [INFO] Switch: Packet from Device 3 to Device 4 sent. Remaining buffer for Device 4: 29696 bytes.
[23:18:05] [SwitchListener] [INFO] Switch: Packet from Device 4 to Device 3 sent. Remaining buffer for Device 3: 0 bytes.
[23:18:05] [SwitchListener] [WARNING] Switch: Backpressure signal sent to devices for Device 3 due to high buffer utilization.
[23:18:05] [SwitchListener] [INFO] Switch: Packet from Device 1 to Device 4 sent. Remaining buffer for Device 4: 29184 bytes.
[23:18:05] [SwitchListener] [INFO] Switch: Packet from Device 2 to Device 4 sent. Remaining buffer for Device 4: 28672 bytes.
[23:18:05] [SwitchListener] [INFO] Switch: Packet from Device 3 to Device 4 sent. Remaining buffer for Device 4: 28160 bytes.
[23:18:05] [SwitchListener] [ERROR] Switch: Packet from Device 4 to Device 3 dropped due to buffer overflow.
[23:18:05] [SwitchListener] [INFO] Switch: Packet from Device 1 to Device 4 sent. Remaining buffer for Device 4: 27648 bytes.
[23:18:05] [SwitchListener] [INFO] Switch: Packet from Device 2 to Device 4 sent. Remaining buffer for Device 4: 27136 bytes.
[23:18:05] [SwitchListener] [INFO] Switch: Packet from Device 3 to Device 4 sent. Remaining buffer for Device 4: 26624 bytes.
[23:18:05] [SwitchListener] [ERROR] Switch: Packet from Device 4 to Device 3 dropped due to buffer overflow.
[23:18:05] [SwitchListener] [INFO] Switch: Packet from Device 1 to Device 4 sent. Remaining buffer for Device 4: 26112 bytes.
[23:18:05] [SwitchListener] [INFO] Switch: Packet from Device 2 to Device 4 sent. Remaining buffer for Device 4: 25600 bytes.
[23:18:05] [SwitchListener] [INFO] Switch: Packet from Device 3 to Device 4 sent. Remaining buffer for Device 4: 25088 bytes.
[23:18:05] [SwitchListener] [ERROR] Switch: Packet from Device 4 to Device 3 dropped due to buffer overflow.
[23:18:05] [SwitchListener] [INFO] Switch: Packet from Device 1 to Device 4 sent. Remaining buffer for Device 4: 24576 bytes.
[23:18:05] [SwitchListener] [INFO] Switch: Packet from Device 2 to Device 4 sent. Remaining buffer for Device 4: 24064 bytes.
[23:18:05] [SwitchListener] [INFO] Switch: Packet from Device 3 to Device 4 sent. Remaining buffer for Device 4: 23552 bytes.
[23:18:05] [SwitchListener] [ERROR] Switch: Packet from Device 4 to Device 3 dropped due to buffer overflow.
[23:18:05] [SwitchListener] [INFO] Switch: Packet from Device 1 to Device 4 sent. Remaining buffer for Device 4: 23040 bytes.
[23:18:05] [SwitchListener] [INFO] Switch: Packet from Device 2 to Device 4 sent. Remaining buffer for Device 4: 22528 bytes.
[23:18:05] [SwitchListener] [INFO] Switch: Packet from Device 3 to Device 4 sent. Remaining buffer for Device 4: 22016 bytes.
[23:18:05] [SwitchListener] [ERROR] Switch: Packet from Device 4 to Device 3 dropped due to buffer overflow.
[23:18:05] [SwitchListener] [INFO] Switch: Packet from Device 1 to Device 4 sent. Remaining buffer for Device 4: 21504 bytes.
[23:18:05] [SwitchListener] [INFO] Switch: Packet from Device 2 to Device 4 sent. Remaining buffer for Device 4: 20992 bytes.
[23:18:05] [SwitchListener] [INFO] Switch: Packet from Device 3 to Device 4 sent. Remaining buffer for Device 4: 20480 bytes.
[23:18:05] [SwitchListener] [ERROR] Switch: Packet from Device 4 to Device 3 dropped due to buffer overflow.
[23:18:05] [BufferRestorer] [PROCESS] Switch: Restored credit for Device 1 by 384.0 bytes. Current credit size: 1024.0 bytes.
[23:18:05] [BufferRestorer] [PROCESS] Switch: Restored credit for Device 2 by 640.0 bytes. Current credit size: 640.0 bytes.
[23:18:05] [BufferRestorer] [PROCESS] Switch: Restored credit for Device 3 by 640.0 bytes. Current credit size: 640.0 bytes.
[23:18:05] [BufferRestorer] [PROCESS] Switch: Restored credit for Device 4 by 640.0 bytes. Current credit size: 3200.0 bytes.
[23:18:05] [SwitchListener] [INFO] Switch: Packet from Device 1 to Device 4 sent. Remaining buffer for Device 4: 25088 bytes.
[23:18:05] [SwitchListener] [INFO] Switch: Packet from Device 2 to Device 4 sent. Remaining buffer for Device 4: 24576 bytes.
[23:18:05] [SwitchListener] [INFO] Switch: Packet from Device 3 to Device 4 sent. Remaining buffer for Device 4: 24064 bytes.
[23:18:05] [SwitchListener] [INFO] Switch: Packet from Device 4 to Device 3 sent. Remaining buffer for Device 3: 4608 bytes.
[23:18:05] [SwitchListener] [INFO] Switch: Packet from Device 1 to Device 4 sent. Remaining buffer for Device 4: 23552 bytes.
[23:18:05] [SwitchListener] [INFO] Switch: Packet from Device 2 to Device 4 sent. Remaining buffer for Device 4: 23040 bytes.
[23:18:05] [SwitchListener] [INFO] Switch: Packet from Device 3 to Device 4 sent. Remaining buffer for Device 4: 22528 bytes.
[23:18:05] [SwitchListener] [INFO] Switch: Packet from Device 4 to Device 3 sent. Remaining buffer for Device 3: 4096 bytes.
[23:18:05] [SwitchListener] [INFO] Switch: Packet from Device 1 to Device 4 sent. Remaining buffer for Device 4: 22016 bytes.
[23:18:05] [SwitchListener] [INFO] Switch: Packet from Device 2 to Device 4 sent. Remaining buffer for Device 4: 21504 bytes.
[23:18:05] [SwitchListener] [INFO] Switch: Packet from Device 3 to Device 4 sent. Remaining buffer for Device 4: 20992 bytes.
[23:18:05] [SwitchListener] [INFO] Switch: Packet from Device 4 to Device 3 sent. Remaining buffer for Device 3: 3584 bytes.
[23:18:05] [SwitchListener] [WARNING] Switch: Backpressure signal sent to devices for Device 3 due to high buffer utilization.
[23:18:05] [SwitchListener] [INFO] Switch: Packet from Device 1 to Device 4 sent. Remaining buffer for Device 4: 20480 bytes.
[23:18:05] [SwitchListener] [INFO] Switch: Packet from Device 2 to Device 4 sent. Remaining buffer for Device 4: 19968 bytes.
[23:18:05] [SwitchListener] [INFO] Switch: Packet from Device 3 to Device 4 sent. Remaining buffer for Device 4: 19456 bytes.
[23:18:05] [SwitchListener] [INFO] Switch: Packet from Device 4 to Device 3 sent. Remaining buffer for Device 3: 3072 bytes.
[23:18:05] [SwitchListener] [WARNING] Switch: Backpressure signal sent to devices for Device 3 due to high buffer utilization.
[23:18:05] [SwitchListener] [INFO] Switch: Packet from Device 1 to Device 4 sent. Remaining buffer for Device 4: 18944 bytes.
[23:18:05] [SwitchListener] [INFO] Switch: Packet from Device 2 to Device 4 sent. Remaining buffer for Device 4: 18432 bytes.
[23:18:05] [SwitchListener] [INFO] Switch: Packet from Device 3 to Device 4 sent. Remaining buffer for Device 4: 17920 bytes.
[23:18:05] [SwitchListener] [INFO] Switch: Packet from Device 4 to Device 3 sent. Remaining buffer for Device 3: 2560 bytes.
[23:18:05] [SwitchListener] [WARNING] Switch: Backpressure signal sent to devices for Device 3 due to high buffer utilization.
[23:18:05] [SwitchListener] [INFO] Switch: Packet from Device 1 to Device 4 sent. Remaining buffer for Device 4: 17408 bytes.
[23:18:05] [SwitchListener] [INFO] Switch: Packet from Device 2 to Device 4 sent. Remaining buffer for Device 4: 16896 bytes.
[23:18:05] [SwitchListener] [INFO] Switch: Packet from Device 3 to Device 4 sent. Remaining buffer for Device 4: 16384 bytes.
[23:18:05] [SwitchListener] [INFO] Switch: Packet from Device 4 to Device 3 sent. Remaining buffer for Device 3: 2048 bytes.
[23:18:05] [SwitchListener] [WARNING] Switch: Backpressure signal sent to devices for Device 3 due to high buffer utilization.
[23:18:05] [SwitchListener] [INFO] Switch: Packet from Device 1 to Device 4 sent. Remaining buffer for Device 4: 15872 bytes.
[23:18:05] [SwitchListener] [INFO] Switch: Packet from Device 2 to Device 4 sent. Remaining buffer for Device 4: 15360 bytes.
[23:18:05] [SwitchListener] [INFO] Switch: Packet from Device 3 to Device 4 sent. Remaining buffer for Device 4: 14848 bytes.
[23:18:05] [SwitchListener] [INFO] Switch: Packet from Device 4 to Device 3 sent. Remaining buffer for Device 3: 1536 bytes.
[23:18:05] [SwitchListener] [WARNING] Switch: Backpressure signal sent to devices for Device 3 due to high buffer utilization.
[23:18:05] [SwitchListener] [INFO] Switch: Packet from Device 1 to Device 4 sent. Remaining buffer for Device 4: 14336 bytes.
[23:18:05] [SwitchListener] [INFO] Switch: Packet from Device 2 to Device 4 sent. Remaining buffer for Device 4: 13824 bytes.
[23:18:05] [SwitchListener] [INFO] Switch: Packet from Device 3 to Device 4 sent. Remaining buffer for Device 4: 13312 bytes.
[23:18:05] [SwitchListener] [INFO] Switch: Packet from Device 4 to Device 3 sent. Remaining buffer for Device 3: 1024 bytes.
[23:18:05] [SwitchListener] [WARNING] Switch: Backpressure signal sent to devices for Device 3 due to high buffer utilization.
[23:18:05] [SwitchListener] [INFO] Switch: Packet from Device 1 to Device 4 sent. Remaining buffer for Device 4: 12800 bytes.
[23:18:05] [SwitchListener] [INFO] Switch: Packet from Device 2 to Device 4 sent. Remaining buffer for Device 4: 12288 bytes.
[23:18:05] [SwitchListener] [INFO] Switch: Packet from Device 3 to Device 4 sent. Remaining buffer for Device 4: 11776 bytes.
[23:18:05] [SwitchListener] [INFO] Switch: Packet from Device 4 to Device 3 sent. Remaining buffer for Device 3: 512 bytes.
[23:18:05] [SwitchListener] [WARNING] Switch: Backpressure signal sent to devices for Device 3 due to high buffer utilization.
[23:18:05] [SwitchListener] [INFO] Switch: Packet from Device 1 to Device 4 sent. Remaining buffer for Device 4: 11264 bytes.
[23:18:05] [SwitchListener] [INFO] Switch: Packet from Device 2 to Device 4 sent. Remaining buffer for Device 4: 10752 bytes.
[23:18:05] [SwitchListener] [INFO] Switch: Packet from Device 3 to Device 4 sent. Remaining buffer for Device 4: 10240 bytes.
[23:18:05] [SwitchListener] [INFO] Switch: Packet from Device 4 to Device 3 sent. Remaining buffer for Device 3: 0 bytes.
[23:18:05] [SwitchListener] [WARNING] Switch: Backpressure signal sent to devices for Device 3 due to high buffer utilization.
[23:18:06] [SwitchListener] [INFO] Switch: Packet from Device 1 to Device 4 sent. Remaining buffer for Device 4: 9728 bytes.
[23:18:06] [SwitchListener] [INFO] Switch: Packet from Device 2 to Device 4 sent. Remaining buffer for Device 4: 9216 bytes.
[23:18:06] [SwitchListener] [INFO] Switch: Packet from Device 3 to Device 4 sent. Remaining buffer for Device 4: 8704 bytes.
[23:18:06] [SwitchListener] [ERROR] Switch: Packet from Device 4 to Device 3 dropped due to buffer overflow.
[23:18:06] [SwitchListener] [INFO] Switch: Packet from Device 1 to Device 4 sent. Remaining buffer for Device 4: 8192 bytes.
[23:18:06] [SwitchListener] [INFO] Switch: Packet from Device 2 to Device 4 sent. Remaining buffer for Device 4: 7680 bytes.
[23:18:06] [SwitchListener] [WARNING] Switch: Backpressure signal sent to devices for Device 4 due to high buffer utilization.
[23:18:06] [SwitchListener] [INFO] Switch: Packet from Device 3 to Device 4 sent. Remaining buffer for Device 4: 7168 bytes.
[23:18:06] [SwitchListener] [WARNING] Switch: Backpressure signal sent to devices for Device 4 due to high buffer utilization.
[23:18:06] [SwitchListener] [ERROR] Switch: Packet from Device 4 to Device 3 dropped due to buffer overflow.
[23:18:06] [SwitchListener] [INFO] Switch: Packet from Device 1 to Device 4 sent. Remaining buffer for Device 4: 6656 bytes.
[23:18:06] [SwitchListener] [WARNING] Switch: Backpressure signal sent to devices for Device 4 due to high buffer utilization.
[23:18:06] [SwitchListener] [INFO] Switch: Packet from Device 2 to Device 4 sent. Remaining buffer for Device 4: 6144 bytes.
[23:18:06] [SwitchListener] [WARNING] Switch: Backpressure signal sent to devices for Device 4 due to high buffer utilization.
[23:18:06] [SwitchListener] [INFO] Switch: Packet from Device 3 to Device 4 sent. Remaining buffer for Device 4: 5632 bytes.
[23:18:06] [SwitchListener] [WARNING] Switch: Backpressure signal sent to devices for Device 4 due to high buffer utilization.
[23:18:06] [SwitchListener] [ERROR] Switch: Packet from Device 4 to Device 3 dropped due to buffer overflow.
[23:18:06] [SwitchListener] [INFO] Switch: Packet from Device 1 to Device 4 sent. Remaining buffer for Device 4: 5120 bytes.
[23:18:06] [SwitchListener] [WARNING] Switch: Backpressure signal sent to devices for Device 4 due to high buffer utilization.
[23:18:06] [SwitchListener] [INFO] Switch: Packet from Device 2 to Device 4 sent. Remaining buffer for Device 4: 4608 bytes.
[23:18:06] [SwitchListener] [WARNING] Switch: Backpressure signal sent to devices for Device 4 due to high buffer utilization.
[23:18:06] [SwitchListener] [INFO] Switch: Packet from Device 3 to Device 4 sent. Remaining buffer for Device 4: 4096 bytes.
[23:18:06] [SwitchListener] [WARNING] Switch: Backpressure signal sent to devices for Device 4 due to high buffer utilization.
[23:18:06] [SwitchListener] [ERROR] Switch: Packet from Device 4 to Device 3 dropped due to buffer overflow.
[23:18:06] [SwitchListener] [INFO] Switch: Packet from Device 1 to Device 4 sent. Remaining buffer for Device 4: 3584 bytes.
[23:18:06] [SwitchListener] [WARNING] Switch: Backpressure signal sent to devices for Device 4 due to high buffer utilization.
[23:18:06] [SwitchListener] [INFO] Switch: Packet from Device 2 to Device 4 sent. Remaining buffer for Device 4: 3072 bytes.
[23:18:06] [SwitchListener] [WARNING] Switch: Backpressure signal sent to devices for Device 4 due to high buffer utilization.
[23:18:06] [SwitchListener] [INFO] Switch: Packet from Device 3 to Device 4 sent. Remaining buffer for Device 4: 2560 bytes.
[23:18:06] [SwitchListener] [WARNING] Switch: Backpressure signal sent to devices for Device 4 due to high buffer utilization.
[23:18:06] [SwitchListener] [ERROR] Switch: Packet from Device 4 to Device 3 dropped due to buffer overflow.
[23:18:06] [SwitchListener] [INFO] Switch: Packet from Device 1 to Device 4 sent. Remaining buffer for Device 4: 2048 bytes.
[23:18:06] [SwitchListener] [WARNING] Switch: Backpressure signal sent to devices for Device 4 due to high buffer utilization.
[23:18:06] [SwitchListener] [INFO] Switch: Packet from Device 2 to Device 4 sent. Remaining buffer for Device 4: 1536 bytes.
[23:18:06] [SwitchListener] [WARNING] Switch: Backpressure signal sent to devices for Device 4 due to high buffer utilization.
[23:18:06] [SwitchListener] [INFO] Switch: Packet from Device 3 to Device 4 sent. Remaining buffer for Device 4: 1024 bytes.
[23:18:06] [SwitchListener] [WARNING] Switch: Backpressure signal sent to devices for Device 4 due to high buffer utilization.
[23:18:06] [SwitchListener] [ERROR] Switch: Packet from Device 4 to Device 3 dropped due to buffer overflow.
[23:18:06] [SwitchListener] [INFO] Switch: Packet from Device 1 to Device 4 sent. Remaining buffer for Device 4: 512 bytes.
[23:18:06] [SwitchListener] [WARNING] Switch: Backpressure signal sent to devices for Device 4 due to high buffer utilization.
[23:18:06] [SwitchListener] [INFO] Switch: Packet from Device 2 to Device 4 sent. Remaining buffer for Device 4: 0 bytes.
[23:18:06] [SwitchListener] [WARNING] Switch: Backpressure signal sent to devices for Device 4 due to high buffer utilization.
[23:18:06] [SwitchListener] [ERROR] Switch: Packet from Device 3 to Device 4 dropped due to buffer overflow.
[23:18:06] [SwitchListener] [ERROR] Switch: Packet from Device 4 to Device 3 dropped due to buffer overflow.
[23:18:06] [SwitchListener] [ERROR] Switch: Packet from Device 1 to Device 4 dropped due to buffer overflow.
[23:18:06] [SwitchListener] [ERROR] Switch: Packet from Device 2 to Device 4 dropped due to buffer overflow.
[23:18:06] [SwitchListener] [ERROR] Switch: Packet from Device 3 to Device 4 dropped due to buffer overflow.
[23:18:06] [SwitchListener] [ERROR] Switch: Packet from Device 4 to Device 3 dropped due to buffer overflow.
[23:18:06] [SwitchListener] [ERROR] Switch: Packet from Device 1 to Device 4 dropped due to buffer overflow.
[23:18:06] [SwitchListener] [ERROR] Switch: Packet from Device 2 to Device 4 dropped due to buffer overflow.
[23:18:06] [SwitchListener] [ERROR] Switch: Packet from Device 3 to Device 4 dropped due to buffer overflow.
[23:18:06] [SwitchListener] [ERROR] Switch: Packet from Device 4 to Device 3 dropped due to buffer overflow.
[23:18:06] [BufferRestorer] [PROCESS] Switch: Restored credit for Device 1 by 0.0 bytes. Current credit size: 1024.0 bytes.
[23:18:06] [BufferRestorer] [PROCESS] Switch: Restored credit for Device 2 by 384.0 bytes. Current credit size: 1024.0 bytes.
[23:18:06] [BufferRestorer] [PROCESS] Switch: Restored credit for Device 3 by 640.0 bytes. Current credit size: 640.0 bytes.
[23:18:06] [BufferRestorer] [PROCESS] Switch: Restored credit for Device 4 by 640.0 bytes. Current credit size: 640.0 bytes.
[23:18:06] [SwitchListener] [INFO] Switch: Packet from Device 1 to Device 4 sent. Remaining buffer for Device 4: 4608 bytes.
[23:18:06] [SwitchListener] [WARNING] Switch: Backpressure signal sent to devices for Device 4 due to high buffer utilization.
[23:18:06] [SwitchListener] [INFO] Switch: Packet from Device 2 to Device 4 sent. Remaining buffer for Device 4: 4096 bytes.
[23:18:06] [SwitchListener] [WARNING] Switch: Backpressure signal sent to devices for Device 4 due to high buffer utilization.
[23:18:06] [SwitchListener] [INFO] Switch: Packet from Device 3 to Device 4 sent. Remaining buffer for Device 4: 3584 bytes.
[23:18:06] [SwitchListener] [WARNING] Switch: Backpressure signal sent to devices for Device 4 due to high buffer utilization.
[23:18:06] [SwitchListener] [INFO] Switch: Packet from Device 4 to Device 3 sent. Remaining buffer for Device 3: 4608 bytes.
[23:18:06] [SwitchListener] [INFO] Switch: Packet from Device 1 to Device 4 sent. Remaining buffer for Device 4: 3072 bytes.
[23:18:06] [SwitchListener] [WARNING] Switch: Backpressure signal sent to devices for Device 4 due to high buffer utilization.
[23:18:06] [SwitchListener] [INFO] Switch: Packet from Device 2 to Device 4 sent. Remaining buffer for Device 4: 2560 bytes.
[23:18:06] [SwitchListener] [WARNING] Switch: Backpressure signal sent to devices for Device 4 due to high buffer utilization.
[23:18:06] [SwitchListener] [INFO] Switch: Packet from Device 3 to Device 4 sent. Remaining buffer for Device 4: 2048 bytes.
[23:18:06] [SwitchListener] [WARNING] Switch: Backpressure signal sent to devices for Device 4 due to high buffer utilization.
[23:18:06] [SwitchListener] [INFO] Switch: Packet from Device 4 to Device 3 sent. Remaining buffer for Device 3: 4096 bytes.
[23:18:06] [SwitchListener] [INFO] Switch: Packet from Device 1 to Device 4 sent. Remaining buffer for Device 4: 1536 bytes.
[23:18:06] [SwitchListener] [WARNING] Switch: Backpressure signal sent to devices for Device 4 due to high buffer utilization.
[23:18:06] [SwitchListener] [INFO] Switch: Packet from Device 2 to Device 4 sent. Remaining buffer for Device 4: 1024 bytes.
[23:18:06] [SwitchListener] [WARNING] Switch: Backpressure signal sent to devices for Device 4 due to high buffer utilization.
[23:18:06] [SwitchListener] [INFO] Switch: Packet from Device 3 to Device 4 sent. Remaining buffer for Device 4: 512 bytes.
[23:18:06] [SwitchListener] [WARNING] Switch: Backpressure signal sent to devices for Device 4 due to high buffer utilization.
[23:18:06] [SwitchListener] [INFO] Switch: Packet from Device 4 to Device 3 sent. Remaining buffer for Device 3: 3584 bytes.
[23:18:06] [SwitchListener] [WARNING] Switch: Backpressure signal sent to devices for Device 3 due to high buffer utilization.
[23:18:06] [SwitchListener] [INFO] Switch: Packet from Device 1 to Device 2 sent. Remaining buffer for Device 2: 7680 bytes.
[23:18:06] [SwitchListener] [INFO] Switch: Packet from Device 2 to Device 1 sent. Remaining buffer for Device 1: 7680 bytes.
[23:18:06] [SwitchListener] [INFO] Switch: Packet from Device 3 to Device 1 sent. Remaining buffer for Device 1: 7168 bytes.
[23:18:06] [SwitchListener] [INFO] Switch: Packet from Device 4 to Device 1 sent. Remaining buffer for Device 1: 6656 bytes.
[23:18:06] [SwitchListener] [INFO] Switch: Packet from Device 1 to Device 2 sent. Remaining buffer for Device 2: 7168 bytes.
[23:18:06] [SwitchListener] [INFO] Switch: Packet from Device 2 to Device 1 sent. Remaining buffer for Device 1: 6144 bytes.
[23:18:06] [SwitchListener] [INFO] Switch: Packet from Device 3 to Device 1 sent. Remaining buffer for Device 1: 5632 bytes.
[23:18:06] [SwitchListener] [INFO] Switch: Packet from Device 4 to Device 1 sent. Remaining buffer for Device 1: 5120 bytes.
[23:18:06] [SwitchListener] [INFO] Switch: Packet from Device 1 to Device 2 sent. Remaining buffer for Device 2: 6656 bytes.
[23:18:06] [SwitchListener] [INFO] Switch: Packet from Device 2 to Device 1 sent. Remaining buffer for Device 1: 4608 bytes.
[23:18:06] [SwitchListener] [INFO] Switch: Packet from Device 3 to Device 1 sent. Remaining buffer for Device 1: 4096 bytes.
[23:18:06] [SwitchListener] [INFO] Switch: Packet from Device 4 to Device 1 sent. Remaining buffer for Device 1: 3584 bytes.
[23:18:06] [SwitchListener] [INFO] Switch: Packet from Device 1 to Device 2 sent. Remaining buffer for Device 2: 6144 bytes.
[23:18:06] [SwitchListener] [INFO] Switch: Packet from Device 2 to Device 1 sent. Remaining buffer for Device 1: 3072 bytes.
[23:18:06] [SwitchListener] [INFO] Switch: Packet from Device 3 to Device 1 sent. Remaining buffer for Device 1: 2560 bytes.
[23:18:06] [SwitchListener] [INFO] Switch: Packet from Device 4 to Device 1 sent. Remaining buffer for Device 1: 2048 bytes.
[23:18:06] [SwitchListener] [INFO] Switch: Packet from Device 1 to Device 2 sent. Remaining buffer for Device 2: 5632 bytes.
[23:18:06] [SwitchListener] [INFO] Switch: Packet from Device 2 to Device 1 sent. Remaining buffer for Device 1: 1536 bytes.
[23:18:06] [SwitchListener] [WARNING] Switch: Backpressure signal sent to devices for Device 1 due to high buffer utilization.
[23:18:06] [SwitchListener] [INFO] Switch: Packet from Device 3 to Device 1 sent. Remaining buffer for Device 1: 1024 bytes.
[23:18:06] [SwitchListener] [WARNING] Switch: Backpressure signal sent to devices for Device 1 due to high buffer utilization.
[23:18:06] [SwitchListener] [INFO] Switch: Packet from Device 4 to Device 1 sent. Remaining buffer for Device 1: 512 bytes.
[23:18:06] [SwitchListener] [WARNING] Switch: Backpressure signal sent to devices for Device 1 due to high buffer utilization.
[23:18:06] [SwitchListener] [INFO] Switch: Packet from Device 1 to Device 2 sent. Remaining buffer for Device 2: 5120 bytes.
[23:18:06] [SwitchListener] [INFO] Switch: Packet from Device 2 to Device 1 sent. Remaining buffer for Device 1: 0 bytes.
[23:18:06] [SwitchListener] [WARNING] Switch: Backpressure signal sent to devices for Device 1 due to high buffer utilization.
[23:18:06] [SwitchListener] [ERROR] Switch: Packet from Device 3 to Device 1 dropped due to buffer overflow.
[23:18:06] [SwitchListener] [ERROR] Switch: Packet from Device 4 to Device 1 dropped due to buffer overflow.
[23:18:06] [SwitchListener] [INFO] Switch: Packet from Device 1 to Device 2 sent. Remaining buffer for Device 2: 4608 bytes.
[23:18:06] [SwitchListener] [ERROR] Switch: Packet from Device 2 to Device 1 dropped due to buffer overflow.
[23:18:06] [SwitchListener] [ERROR] Switch: Packet from Device 3 to Device 1 dropped due to buffer overflow.
[23:18:06] [SwitchListener] [ERROR] Switch: Packet from Device 4 to Device 1 dropped due to buffer overflow.
[23:18:07] [SwitchListener] [INFO] Switch: Packet from Device 1 to Device 2 sent. Remaining buffer for Device 2: 4096 bytes.
[23:18:07] [SwitchListener] [ERROR] Switch: Packet from Device 2 to Device 1 dropped due to buffer overflow.
[23:18:07] [SwitchListener] [ERROR] Switch: Packet from Device 3 to Device 1 dropped due to buffer overflow.
[23:18:07] [SwitchListener] [ERROR] Switch: Packet from Device 4 to Device 1 dropped due to buffer overflow.
[23:18:07] [SwitchListener] [INFO] Switch: Packet from Device 1 to Device 2 sent. Remaining buffer for Device 2: 3584 bytes.
[23:18:07] [SwitchListener] [ERROR] Switch: Packet from Device 2 to Device 1 dropped due to buffer overflow.
[23:18:07] [SwitchListener] [ERROR] Switch: Packet from Device 3 to Device 1 dropped due to buffer overflow.
[23:18:07] [SwitchListener] [ERROR] Switch: Packet from Device 4 to Device 1 dropped due to buffer overflow.
[23:18:07] [SwitchListener] [INFO] Switch: Packet from Device 1 to Device 2 sent. Remaining buffer for Device 2: 3072 bytes.
[23:18:07] [SwitchListener] [ERROR] Switch: Packet from Device 2 to Device 1 dropped due to buffer overflow.
[23:18:07] [SwitchListener] [ERROR] Switch: Packet from Device 3 to Device 1 dropped due to buffer overflow.
[23:18:07] [SwitchListener] [ERROR] Switch: Packet from Device 4 to Device 1 dropped due to buffer overflow.
[23:18:07] [SwitchListener] [INFO] Switch: Packet from Device 1 to Device 3 sent. Remaining buffer for Device 3: 3072 bytes.
[23:18:07] [SwitchListener] [WARNING] Switch: Backpressure signal sent to devices for Device 3 due to high buffer utilization.
[23:18:07] [SwitchListener] [INFO] Switch: Packet from Device 2 to Device 3 sent. Remaining buffer for Device 3: 2560 bytes.
[23:18:07] [SwitchListener] [WARNING] Switch: Backpressure signal sent to devices for Device 3 due to high buffer utilization.
[23:18:07] [SwitchListener] [INFO] Switch: Packet from Device 3 to Device 2 sent. Remaining buffer for Device 2: 2560 bytes.
[23:18:07] [SwitchListener] [INFO] Switch: Packet from Device 4 to Device 2 sent. Remaining buffer for Device 2: 2048 bytes.
[23:18:07] [SwitchListener] [INFO] Switch: Packet from Device 1 to Device 3 sent. Remaining buffer for Device 3: 2048 bytes.
[23:18:07] [SwitchListener] [WARNING] Switch: Backpressure signal sent to devices for Device 3 due to high buffer utilization.
[23:18:07] [SwitchListener] [INFO] Switch: Packet from Device 2 to Device 3 sent. Remaining buffer for Device 3: 1536 bytes.
[23:18:07] [SwitchListener] [WARNING] Switch: Backpressure signal sent to devices for Device 3 due to high buffer utilization.
[23:18:07] [SwitchListener] [INFO] Switch: Packet from Device 3 to Device 2 sent. Remaining buffer for Device 2: 1536 bytes.
[23:18:07] [SwitchListener] [WARNING] Switch: Backpressure signal sent to devices for Device 2 due to high buffer utilization.
[23:18:07] [SwitchListener] [INFO] Switch: Packet from Device 4 to Device 2 sent. Remaining buffer for Device 2: 1024 bytes.
[23:18:07] [SwitchListener] [WARNING] Switch: Backpressure signal sent to devices for Device 2 due to high buffer utilization.
[23:18:07] [SwitchListener] [INFO] Switch: Packet from Device 1 to Device 3 sent. Remaining buffer for Device 3: 1024 bytes.
[23:18:07] [SwitchListener] [WARNING] Switch: Backpressure signal sent to devices for Device 3 due to high buffer utilization.
[23:18:07] [SwitchListener] [INFO] Switch: Packet from Device 2 to Device 3 sent. Remaining buffer for Device 3: 512 bytes.
[23:18:07] [SwitchListener] [WARNING] Switch: Backpressure signal sent to devices for Device 3 due to high buffer utilization.
[23:18:07] [SwitchListener] [INFO] Switch: Packet from Device 3 to Device 2 sent. Remaining buffer for Device 2: 512 bytes.
[23:18:07] [SwitchListener] [WARNING] Switch: Backpressure signal sent to devices for Device 2 due to high buffer utilization.
[23:18:07] [SwitchListener] [INFO] Switch: Packet from Device 4 to Device 2 sent. Remaining buffer for Device 2: 0 bytes.
[23:18:07] [SwitchListener] [WARNING] Switch: Backpressure signal sent to devices for Device 2 due to high buffer utilization.
[23:18:07] [SwitchListener] [INFO] Switch: Packet from Device 1 to Device 3 sent. Remaining buffer for Device 3: 0 bytes.
[23:18:07] [SwitchListener] [WARNING] Switch: Backpressure signal sent to devices for Device 3 due to high buffer utilization.
[23:18:07] [SwitchListener] [ERROR] Switch: Packet from Device 2 to Device 3 dropped due to buffer overflow.
[23:18:07] [SwitchListener] [ERROR] Switch: Packet from Device 3 to Device 2 dropped due to buffer overflow.
[23:18:07] [SwitchListener] [ERROR] Switch: Packet from Device 4 to Device 2 dropped due to buffer overflow.
[23:18:07] [SwitchListener] [ERROR] Switch: Packet from Device 1 to Device 3 dropped due to buffer overflow.
[23:18:07] [SwitchListener] [ERROR] Switch: Packet from Device 2 to Device 3 dropped due to buffer overflow.
[23:18:07] [SwitchListener] [ERROR] Switch: Packet from Device 3 to Device 2 dropped due to buffer overflow.
[23:18:07] [SwitchListener] [ERROR] Switch: Packet from Device 4 to Device 2 dropped due to buffer overflow.
[23:18:07] [SwitchListener] [ERROR] Switch: Packet from Device 1 to Device 3 dropped due to buffer overflow.
[23:18:07] [SwitchListener] [ERROR] Switch: Packet from Device 2 to Device 3 dropped due to buffer overflow.
[23:18:07] [SwitchListener] [ERROR] Switch: Packet from Device 3 to Device 2 dropped due to buffer overflow.
[23:18:07] [SwitchListener] [ERROR] Switch: Packet from Device 4 to Device 2 dropped due to buffer overflow.
[23:18:07] [SwitchListener] [ERROR] Switch: Packet from Device 1 to Device 3 dropped due to buffer overflow.
[23:18:07] [SwitchListener] [ERROR] Switch: Packet from Device 2 to Device 3 dropped due to buffer overflow.
[23:18:07] [SwitchListener] [ERROR] Switch: Packet from Device 3 to Device 2 dropped due to buffer overflow.
[23:18:07] [SwitchListener] [ERROR] Switch: Packet from Device 4 to Device 2 dropped due to buffer overflow.
[23:18:07] [BufferRestorer] [PROCESS] Switch: Restored credit for Device 1 by 640.0 bytes. Current credit size: 640.0 bytes.
[23:18:07] [BufferRestorer] [PROCESS] Switch: Restored credit for Device 2 by 640.0 bytes. Current credit size: 640.0 bytes.
[23:18:07] [BufferRestorer] [PROCESS] Switch: Restored credit for Device 3 by 640.0 bytes. Current credit size: 640.0 bytes.
[23:18:07] [BufferRestorer] [PROCESS] Switch: Restored credit for Device 4 by 640.0 bytes. Current credit size: 704.0 bytes.
[23:18:07] [SwitchListener] [INFO] Switch: Packet from Device 1 to Device 3 sent. Remaining buffer for Device 3: 4608 bytes.
[23:18:07] [SwitchListener] [INFO] Switch: Packet from Device 2 to Device 3 sent. Remaining buffer for Device 3: 4096 bytes.
[23:18:07] [SwitchListener] [INFO] Switch: Packet from Device 3 to Device 2 sent. Remaining buffer for Device 2: 4608 bytes.
[23:18:07] [SwitchListener] [INFO] Switch: Packet from Device 4 to Device 2 sent. Remaining buffer for Device 2: 4096 bytes.
[23:18:07] [SwitchListener] [INFO] Switch: Packet from Device 1 to Device 3 sent. Remaining buffer for Device 3: 3584 bytes.
[23:18:07] [SwitchListener] [WARNING] Switch: Backpressure signal sent to devices for Device 3 due to high buffer utilization.
[23:18:07] [SwitchListener] [INFO] Switch: Packet from Device 2 to Device 3 sent. Remaining buffer for Device 3: 3072 bytes.
[23:18:07] [SwitchListener] [WARNING] Switch: Backpressure signal sent to devices for Device 3 due to high buffer utilization.
[23:18:07] [SwitchListener] [INFO] Switch: Packet from Device 3 to Device 2 sent. Remaining buffer for Device 2: 3584 bytes.
[23:18:07] [SwitchListener] [INFO] Switch: Packet from Device 4 to Device 2 sent. Remaining buffer for Device 2: 3072 bytes.
[23:18:07] [SwitchListener] [INFO] Switch: Packet from Device 1 to Device 3 sent. Remaining buffer for Device 3: 2560 bytes.
[23:18:07] [SwitchListener] [WARNING] Switch: Backpressure signal sent to devices for Device 3 due to high buffer utilization.
[23:18:07] [SwitchListener] [INFO] Switch: Packet from Device 2 to Device 3 sent. Remaining buffer for Device 3: 2048 bytes.
[23:18:07] [SwitchListener] [WARNING] Switch: Backpressure signal sent to devices for Device 3 due to high buffer utilization.
[23:18:07] [SwitchListener] [INFO] Switch: Packet from Device 3 to Device 2 sent. Remaining buffer for Device 2: 2560 bytes.
[23:18:07] [SwitchListener] [INFO] Switch: Packet from Device 4 to Device 2 sent. Remaining buffer for Device 2: 2048 bytes.
[23:18:07] [SwitchListener] [INFO] Switch: Packet from Device 1 to Device 3 sent. Remaining buffer for Device 3: 1536 bytes.
[23:18:07] [SwitchListener] [WARNING] Switch: Backpressure signal sent to devices for Device 3 due to high buffer utilization.
[23:18:07] [SwitchListener] [INFO] Switch: Packet from Device 2 to Device 3 sent. Remaining buffer for Device 3: 1024 bytes.
[23:18:07] [SwitchListener] [WARNING] Switch: Backpressure signal sent to devices for Device 3 due to high buffer utilization.
[23:18:07] [SwitchListener] [INFO] Switch: Packet from Device 3 to Device 2 sent. Remaining buffer for Device 2: 1536 bytes.
[23:18:07] [SwitchListener] [WARNING] Switch: Backpressure signal sent to devices for Device 2 due to high buffer utilization.
[23:18:07] [SwitchListener] [INFO] Switch: Packet from Device 4 to Device 2 sent. Remaining buffer for Device 2: 1024 bytes.
[23:18:07] [SwitchListener] [WARNING] Switch: Backpressure signal sent to devices for Device 2 due to high buffer utilization.
[23:18:07] [SwitchListener] [INFO] Switch: Packet from Device 1 to Device 3 sent. Remaining buffer for Device 3: 512 bytes.
[23:18:07] [SwitchListener] [WARNING] Switch: Backpressure signal sent to devices for Device 3 due to high buffer utilization.
[23:18:07] [SwitchListener] [INFO] Switch: Packet from Device 2 to Device 3 sent. Remaining buffer for Device 3: 0 bytes.
[23:18:07] [SwitchListener] [WARNING] Switch: Backpressure signal sent to devices for Device 3 due to high buffer utilization.
[23:18:07] [SwitchListener] [INFO] Switch: Packet from Device 3 to Device 2 sent. Remaining buffer for Device 2: 512 bytes.
[23:18:07] [SwitchListener] [WARNING] Switch: Backpressure signal sent to devices for Device 2 due to high buffer utilization.
[23:18:07] [SwitchListener] [INFO] Switch: Packet from Device 4 to Device 2 sent. Remaining buffer for Device 2: 0 bytes.
[23:18:07] [SwitchListener] [WARNING] Switch: Backpressure signal sent to devices for Device 2 due to high buffer utilization.
[23:18:07] [SwitchListener] [ERROR] Switch: Packet from Device 1 to Device 3 dropped due to buffer overflow.
[23:18:07] [SwitchListener] [ERROR] Switch: Packet from Device 2 to Device 3 dropped due to buffer overflow.
[23:18:07] [SwitchListener] [ERROR] Switch: Packet from Device 3 to Device 2 dropped due to buffer overflow.
[23:18:07] [SwitchListener] [ERROR] Switch: Packet from Device 4 to Device 2 dropped due to buffer overflow.
[23:18:07] [SwitchListener] [ERROR] Switch: Packet from Device 1 to Device 3 dropped due to buffer overflow.
[23:18:07] [SwitchListener] [ERROR] Switch: Packet from Device 2 to Device 3 dropped due to buffer overflow.
[23:18:07] [SwitchListener] [ERROR] Switch: Packet from Device 3 to Device 2 dropped due to buffer overflow.
[23:18:07] [SwitchListener] [ERROR] Switch: Packet from Device 4 to Device 2 dropped due to buffer overflow.
[23:18:07] [SwitchListener] [ERROR] Switch: Packet from Device 1 to Device 3 dropped due to buffer overflow.
[23:18:07] [SwitchListener] [ERROR] Switch: Packet from Device 2 to Device 3 dropped due to buffer overflow.
[23:18:07] [SwitchListener] [ERROR] Switch: Packet from Device 3 to Device 2 dropped due to buffer overflow.
[23:18:07] [SwitchListener] [ERROR] Switch: Packet from Device 4 to Device 2 dropped due to buffer overflow.
[23:18:07] [SwitchListener] [ERROR] Switch: Packet from Device 1 to Device 3 dropped due to buffer overflow.
[23:18:07] [SwitchListener] [ERROR] Switch: Packet from Device 2 to Device 3 dropped due to buffer overflow.
[23:18:07] [SwitchListener] [ERROR] Switch: Packet from Device 3 to Device 2 dropped due to buffer overflow.
[23:18:07] [SwitchListener] [ERROR] Switch: Packet from Device 4 to Device 2 dropped due to buffer overflow.
[23:18:08] [SwitchListener] [ERROR] Switch: Packet from Device 1 to Device 3 dropped due to buffer overflow.
[23:18:08] [SwitchListener] [ERROR] Switch: Packet from Device 2 to Device 3 dropped due to buffer overflow.
[23:18:08] [SwitchListener] [ERROR] Switch: Packet from Device 3 to Device 2 dropped due to buffer overflow.
[23:18:08] [SwitchListener] [ERROR] Switch: Packet from Device 4 to Device 2 dropped due to buffer overflow.
[23:18:08] [SwitchListener] [ERROR] Switch: Packet from Device 1 to Device 3 dropped due to buffer overflow.
[23:18:08] [SwitchListener] [ERROR] Switch: Packet from Device 2 to Device 3 dropped due to buffer overflow.
[23:18:08] [SwitchListener] [ERROR] Switch: Packet from Device 3 to Device 2 dropped due to buffer overflow.
[23:18:08] [SwitchListener] [ERROR] Switch: Packet from Device 4 to Device 2 dropped due to buffer overflow.
[23:18:08] [SwitchListener] [ERROR] Switch: Packet from Device 1 to Device 3 dropped due to buffer overflow.
[23:18:08] [SwitchListener] [ERROR] Switch: Packet from Device 2 to Device 3 dropped due to buffer overflow.
[23:18:08] [SwitchListener] [ERROR] Switch: Packet from Device 3 to Device 2 dropped due to buffer overflow.
[23:18:08] [SwitchListener] [ERROR] Switch: Packet from Device 4 to Device 2 dropped due to buffer overflow.
[23:18:08] [SwitchListener] [ERROR] Switch: Packet from Device 1 to Device 3 dropped due to buffer overflow.
[23:18:08] [SwitchListener] [ERROR] Switch: Packet from Device 2 to Device 3 dropped due to buffer overflow.
[23:18:08] [SwitchListener] [ERROR] Switch: Packet from Device 3 to Device 2 dropped due to buffer overflow.
[23:18:08] [SwitchListener] [ERROR] Switch: Packet from Device 4 to Device 2 dropped due to buffer overflow.
[23:18:08] [SwitchListener] [INFO] Switch: Packet from Device 1 to Device 4 sent. Remaining buffer for Device 4: 5120 bytes.
[23:18:08] [SwitchListener] [WARNING] Switch: Backpressure signal sent to devices for Device 4 due to high buffer utilization.
[23:18:08] [SwitchListener] [INFO] Switch: Packet from Device 2 to Device 4 sent. Remaining buffer for Device 4: 4608 bytes.
[23:18:08] [SwitchListener] [WARNING] Switch: Backpressure signal sent to devices for Device 4 due to high buffer utilization.
[23:18:08] [SwitchListener] [INFO] Switch: Packet from Device 3 to Device 4 sent. Remaining buffer for Device 4: 4096 bytes.
[23:18:08] [SwitchListener] [WARNING] Switch: Backpressure signal sent to devices for Device 4 due to high buffer utilization.
[23:18:08] [SwitchListener] [ERROR] Switch: Packet from Device 4 to Device 3 dropped due to buffer overflow.
[23:18:08] [SwitchListener] [INFO] Switch: Packet from Device 1 to Device 4 sent. Remaining buffer for Device 4: 3584 bytes.
[23:18:08] [SwitchListener] [WARNING] Switch: Backpressure signal sent to devices for Device 4 due to high buffer utilization.
[23:18:08] [SwitchListener] [INFO] Switch: Packet from Device 2 to Device 4 sent. Remaining buffer for Device 4: 3072 bytes.
[23:18:08] [SwitchListener] [WARNING] Switch: Backpressure signal sent to devices for Device 4 due to high buffer utilization.
[23:18:08] [SwitchListener] [INFO] Switch: Packet from Device 3 to Device 4 sent. Remaining buffer for Device 4: 2560 bytes.
[23:18:08] [SwitchListener] [WARNING] Switch: Backpressure signal sent to devices for Device 4 due to high buffer utilization.
[23:18:08] [SwitchListener] [ERROR] Switch: Packet from Device 4 to Device 3 dropped due to buffer overflow.
[23:18:08] [SwitchListener] [INFO] Switch: Packet from Device 1 to Device 4 sent. Remaining buffer for Device 4: 2048 bytes.
[23:18:08] [SwitchListener] [WARNING] Switch: Backpressure signal sent to devices for Device 4 due to high buffer utilization.
[23:18:08] [SwitchListener] [INFO] Switch: Packet from Device 2 to Device 4 sent. Remaining buffer for Device 4: 1536 bytes.
[23:18:08] [SwitchListener] [WARNING] Switch: Backpressure signal sent to devices for Device 4 due to high buffer utilization.
[23:18:08] [SwitchListener] [INFO] Switch: Packet from Device 3 to Device 4 sent. Remaining buffer for Device 4: 1024 bytes.
[23:18:08] [SwitchListener] [WARNING] Switch: Backpressure signal sent to devices for Device 4 due to high buffer utilization.
[23:18:08] [SwitchListener] [ERROR] Switch: Packet from Device 4 to Device 3 dropped due to buffer overflow.
[23:18:08] [SwitchListener] [INFO] Switch: Packet from Device 1 to Device 4 sent. Remaining buffer for Device 4: 512 bytes.
[23:18:08] [SwitchListener] [WARNING] Switch: Backpressure signal sent to devices for Device 4 due to high buffer utilization.
[23:18:08] [SwitchListener] [INFO] Switch: Packet from Device 2 to Device 4 sent. Remaining buffer for Device 4: 0 bytes.
[23:18:08] [SwitchListener] [WARNING] Switch: Backpressure signal sent to devices for Device 4 due to high buffer utilization.
[23:18:08] [SwitchListener] [ERROR] Switch: Packet from Device 3 to Device 4 dropped due to buffer overflow.
[23:18:08] [SwitchListener] [ERROR] Switch: Packet from Device 4 to Device 3 dropped due to buffer overflow.
[23:18:08] [SwitchListener] [ERROR] Switch: Packet from Device 1 to Device 4 dropped due to buffer overflow.
[23:18:08] [SwitchListener] [ERROR] Switch: Packet from Device 2 to Device 4 dropped due to buffer overflow.
[23:18:08] [SwitchListener] [ERROR] Switch: Packet from Device 3 to Device 4 dropped due to buffer overflow.
[23:18:08] [SwitchListener] [ERROR] Switch: Packet from Device 4 to Device 3 dropped due to buffer overflow.
[23:18:08] [SwitchListener] [ERROR] Switch: Packet from Device 1 to Device 4 dropped due to buffer overflow.
[23:18:08] [SwitchListener] [ERROR] Switch: Packet from Device 2 to Device 4 dropped due to buffer overflow.
[23:18:08] [SwitchListener] [ERROR] Switch: Packet from Device 3 to Device 4 dropped due to buffer overflow.
[23:18:08] [SwitchListener] [ERROR] Switch: Packet from Device 4 to Device 3 dropped due to buffer overflow.
[23:18:08] [MainThread] [INFO] Stopping simulation...
[23:18:08] [BufferRestorer] [PROCESS] Switch: Restored credit for Device 1 by 384.0 bytes. Current credit size: 1024.0 bytes.
[23:18:08] [BufferRestorer] [PROCESS] Switch: Restored credit for Device 2 by 640.0 bytes. Current credit size: 640.0 bytes.
[23:18:08] [BufferRestorer] [PROCESS] Switch: Restored credit for Device 3 by 640.0 bytes. Current credit size: 640.0 bytes.
[23:18:08] [BufferRestorer] [PROCESS] Switch: Restored credit for Device 4 by 640.0 bytes. Current credit size: 640.0 bytes.
[23:18:08] [MainThread] [INFO] Simulation completed.
